<html>
<head>
<title>TestNG:  BankingApp</title>
<link href="../testng.css" rel="stylesheet" type="text/css" />
<link href="../my-testng.css" rel="stylesheet" type="text/css" />

<style type="text/css">
.log { display: none;} 
.stack-trace { display: none;} 
</style>
<script type="text/javascript">
<!--
function flip(e) {
  current = e.style.display;
  if (current == 'block') {
    e.style.display = 'none';
    return 0;
  }
  else {
    e.style.display = 'block';
    return 1;
  }
}

function toggleBox(szDivId, elem, msg1, msg2)
{
  var res = -1;  if (document.getElementById) {
    res = flip(document.getElementById(szDivId));
  }
  else if (document.all) {
    // this is the way old msie versions work
    res = flip(document.all[szDivId]);
  }
  if(elem) {
    if(res == 0) elem.innerHTML = msg1; else elem.innerHTML = msg2;
  }

}

function toggleAllBoxes() {
  if (document.getElementsByTagName) {
    d = document.getElementsByTagName('div');
    for (i = 0; i < d.length; i++) {
      if (d[i].className == 'log') {
        flip(d[i]);
      }
    }
  }
}

// -->
</script>

</head>
<body>
<h2 align='center'>BankingApp</h2><table border='1' align="center">
<tr>
<td>Tests passed/Failed/Skipped:</td><td>1/2/0</td>
</tr><tr>
<td>Started on:</td><td>Thu Sep 14 12:14:52 IST 2017</td>
</tr>
<tr><td>Total time:</td><td>23 seconds (23588 ms)</td>
</tr><tr>
<td>Included groups:</td><td></td>
</tr><tr>
<td>Excluded groups:</td><td></td>
</tr>
</table><p/>
<small><i>(Hover the method name to see the test class name)</i></small><p/>
<table width='100%' border='1' class='invocation-failed'>
<tr><td colspan='4' align='center'><b>FAILED TESTS</b></td></tr>
<tr><td><b>Test method</b></td>
<td width="30%"><b>Exception</b></td>
<td width="10%"><b>Time (seconds)</b></td>
<td><b>Instance</b></td>
</tr>
<tr>
<td title='BankingApp.AddCustomerDetails.addCustomer()'><b>addCustomer</b><br>Test class: BankingApp.AddCustomerDetails<br>Parameters: Rajendra, Nalla, a12345, Customer added successfully with customer id<br/>
<a href="#Output-767511741" onClick='toggleBox("Output-767511741", this, "Show output", "Hide output");'>Show output</a>

<a href="#Output-767511741" onClick="toggleAllBoxes();">Show all outputs</a>
<div class='log' id="Output-767511741">
<a href=Thu_Sep_14_12_15_01_IST_2017.jpg target="_blank">Screenshot Captured</a><br/>
<br><br/>
<a href=Thu_Sep_14_12_15_01_IST_2017.jpg target="_blank"><img src=Thu_Sep_14_12_15_01_IST_2017.jpg height=200 width=200></a><br/>
</div>
</td>
<td><div><pre>java.lang.AssertionError: Add customer not successful
	at BankingApp.AddCustomerDetails.addCustomer(AddCustomerDetails.java:33)
... Removed 25 stack frames</pre></div><a href='#' onClick='toggleBox("stack-trace767511741", this, "Click to show all stack frames", "Click to hide stack frames")'>Click to show all stack frames</a>
<div class='stack-trace' id='stack-trace767511741'><pre>java.lang.AssertionError: Add customer not successful
	at org.testng.Assert.fail(Assert.java:94)
	at BankingApp.AddCustomerDetails.addCustomer(AddCustomerDetails.java:33)
	at sun.reflect.NativeMethodAccessorImpl.invoke0(Native Method)
	at sun.reflect.NativeMethodAccessorImpl.invoke(Unknown Source)
	at sun.reflect.DelegatingMethodAccessorImpl.invoke(Unknown Source)
	at java.lang.reflect.Method.invoke(Unknown Source)
	at org.testng.internal.MethodInvocationHelper.invokeMethod(MethodInvocationHelper.java:85)
	at org.testng.internal.Invoker.invokeMethod(Invoker.java:639)
	at org.testng.internal.Invoker.invokeTestMethod(Invoker.java:821)
	at org.testng.internal.Invoker.invokeTestMethods(Invoker.java:1131)
	at org.testng.internal.TestMethodWorker.invokeTestMethods(TestMethodWorker.java:125)
	at org.testng.internal.TestMethodWorker.run(TestMethodWorker.java:108)
	at org.testng.TestRunner.privateRun(TestRunner.java:773)
	at org.testng.TestRunner.run(TestRunner.java:623)
	at org.testng.SuiteRunner.runTest(SuiteRunner.java:357)
	at org.testng.SuiteRunner.runSequentially(SuiteRunner.java:352)
	at org.testng.SuiteRunner.privateRun(SuiteRunner.java:310)
	at org.testng.SuiteRunner.run(SuiteRunner.java:259)
	at org.testng.SuiteRunnerWorker.runSuite(SuiteRunnerWorker.java:52)
	at org.testng.SuiteRunnerWorker.run(SuiteRunnerWorker.java:86)
	at org.testng.TestNG.runSuitesSequentially(TestNG.java:1185)
	at org.testng.TestNG.runSuitesLocally(TestNG.java:1110)
	at org.testng.TestNG.run(TestNG.java:1018)
	at org.testng.remote.AbstractRemoteTestNG.run(AbstractRemoteTestNG.java:132)
	at org.testng.remote.RemoteTestNG.initAndRun(RemoteTestNG.java:230)
	at org.testng.remote.RemoteTestNG.main(RemoteTestNG.java:76)
</pre></div></td>
<td>8</td>
<td>BankingApp.AddCustomerDetails@1649b0e6</td></tr>
<tr>
<td title='BankingApp.BankManagerLoginTest.loginAsBankManager()'><b>loginAsBankManager</b><br>Test class: BankingApp.BankManagerLoginTest<br/>
<a href="#Output-1660837991" onClick='toggleBox("Output-1660837991", this, "Show output", "Hide output");'>Show output</a>

<a href="#Output-1660837991" onClick="toggleAllBoxes();">Show all outputs</a>
<div class='log' id="Output-1660837991">
<a href=Thu_Sep_14_12_14_52_IST_2017.jpg target="_blank">Screenshot Captured</a><br/>
<br><br/>
<a href=Thu_Sep_14_12_14_52_IST_2017.jpg target="_blank"><img src=Thu_Sep_14_12_14_52_IST_2017.jpg height=200 width=200></a><br/>
</div>
</td>
<td><div><pre>java.lang.AssertionError: Bank Manager login not successful
	at BankingApp.BankManagerLoginTest.loginAsBankManager(BankManagerLoginTest.java:18)
... Removed 25 stack frames</pre></div><a href='#' onClick='toggleBox("stack-trace1660837991", this, "Click to show all stack frames", "Click to hide stack frames")'>Click to show all stack frames</a>
<div class='stack-trace' id='stack-trace1660837991'><pre>java.lang.AssertionError: Bank Manager login not successful
	at org.testng.Assert.fail(Assert.java:94)
	at BankingApp.BankManagerLoginTest.loginAsBankManager(BankManagerLoginTest.java:18)
	at sun.reflect.NativeMethodAccessorImpl.invoke0(Native Method)
	at sun.reflect.NativeMethodAccessorImpl.invoke(Unknown Source)
	at sun.reflect.DelegatingMethodAccessorImpl.invoke(Unknown Source)
	at java.lang.reflect.Method.invoke(Unknown Source)
	at org.testng.internal.MethodInvocationHelper.invokeMethod(MethodInvocationHelper.java:85)
	at org.testng.internal.Invoker.invokeMethod(Invoker.java:639)
	at org.testng.internal.Invoker.invokeTestMethod(Invoker.java:821)
	at org.testng.internal.Invoker.invokeTestMethods(Invoker.java:1131)
	at org.testng.internal.TestMethodWorker.invokeTestMethods(TestMethodWorker.java:125)
	at org.testng.internal.TestMethodWorker.run(TestMethodWorker.java:108)
	at org.testng.TestRunner.privateRun(TestRunner.java:773)
	at org.testng.TestRunner.run(TestRunner.java:623)
	at org.testng.SuiteRunner.runTest(SuiteRunner.java:357)
	at org.testng.SuiteRunner.runSequentially(SuiteRunner.java:352)
	at org.testng.SuiteRunner.privateRun(SuiteRunner.java:310)
	at org.testng.SuiteRunner.run(SuiteRunner.java:259)
	at org.testng.SuiteRunnerWorker.runSuite(SuiteRunnerWorker.java:52)
	at org.testng.SuiteRunnerWorker.run(SuiteRunnerWorker.java:86)
	at org.testng.TestNG.runSuitesSequentially(TestNG.java:1185)
	at org.testng.TestNG.runSuitesLocally(TestNG.java:1110)
	at org.testng.TestNG.run(TestNG.java:1018)
	at org.testng.remote.AbstractRemoteTestNG.run(AbstractRemoteTestNG.java:132)
	at org.testng.remote.RemoteTestNG.initAndRun(RemoteTestNG.java:230)
	at org.testng.remote.RemoteTestNG.main(RemoteTestNG.java:76)
</pre></div></td>
<td>0</td>
<td>BankingApp.BankManagerLoginTest@37858383</td></tr>
</table><p>
<table width='100%' border='1' class='invocation-passed'>
<tr><td colspan='4' align='center'><b>PASSED TESTS</b></td></tr>
<tr><td><b>Test method</b></td>
<td width="30%"><b>Exception</b></td>
<td width="10%"><b>Time (seconds)</b></td>
<td><b>Instance</b></td>
</tr>
<tr>
<td title='BankingApp.OpenBankAccount.openAccount()'><b>openAccount</b><br>Test class: BankingApp.OpenBankAccount<br>Parameters: Harry Potter, Rupee, Account created successfully with account Number</td>
<td></td>
<td>13</td>
<td>BankingApp.OpenBankAccount@865dd6</td></tr>
</table><p>
</body>
</html>