<?xml version="1.0" encoding="UTF-8"?>
<testng-results skipped="0" failed="2" total="3" passed="1">
  <reporter-output>
    <line>
      <![CDATA[<a href=Thu_Sep_14_12_14_52_IST_2017.jpg target="_blank">Screenshot Captured</a>]]>
    </line>
    <line>
      <![CDATA[<br>]]>
    </line>
    <line>
      <![CDATA[<a href=Thu_Sep_14_12_14_52_IST_2017.jpg target="_blank"><img src=Thu_Sep_14_12_14_52_IST_2017.jpg height=200 width=200></a>]]>
    </line>
    <line>
      <![CDATA[<a href=Thu_Sep_14_12_15_01_IST_2017.jpg target="_blank">Screenshot Captured</a>]]>
    </line>
    <line>
      <![CDATA[<br>]]>
    </line>
    <line>
      <![CDATA[<a href=Thu_Sep_14_12_15_01_IST_2017.jpg target="_blank"><img src=Thu_Sep_14_12_15_01_IST_2017.jpg height=200 width=200></a>]]>
    </line>
  </reporter-output>
  <suite name="Suite" duration-ms="23588" started-at="2017-09-14T06:44:52Z" finished-at="2017-09-14T06:45:16Z">
    <groups>
    </groups>
    <test name="BankingApp" duration-ms="23588" started-at="2017-09-14T06:44:52Z" finished-at="2017-09-14T06:45:16Z">
      <class name="BankingApp.AddCustomerDetails">
        <test-method status="FAIL" signature="addCustomer(java.lang.String, java.lang.String, java.lang.String, java.lang.String)[pri:0, instance:BankingApp.AddCustomerDetails@1649b0e6]" name="addCustomer" duration-ms="8659" started-at="2017-09-14T12:14:53Z" data-provider="addCustomer" finished-at="2017-09-14T12:15:01Z">
          <params>
            <param index="0">
              <value>
                <![CDATA[Rajendra]]>
              </value>
            </param>
            <param index="1">
              <value>
                <![CDATA[Nalla]]>
              </value>
            </param>
            <param index="2">
              <value>
                <![CDATA[a12345]]>
              </value>
            </param>
            <param index="3">
              <value>
                <![CDATA[Customer added successfully with customer id]]>
              </value>
            </param>
          </params>
          <exception class="java.lang.AssertionError">
            <message>
              <![CDATA[Add customer not successful]]>
            </message>
            <full-stacktrace>
              <![CDATA[java.lang.AssertionError: Add customer not successful
	at org.testng.Assert.fail(Assert.java:94)
	at BankingApp.AddCustomerDetails.addCustomer(AddCustomerDetails.java:33)
	at sun.reflect.NativeMethodAccessorImpl.invoke0(Native Method)
	at sun.reflect.NativeMethodAccessorImpl.invoke(Unknown Source)
	at sun.reflect.DelegatingMethodAccessorImpl.invoke(Unknown Source)
	at java.lang.reflect.Method.invoke(Unknown Source)
	at org.testng.internal.MethodInvocationHelper.invokeMethod(MethodInvocationHelper.java:85)
	at org.testng.internal.Invoker.invokeMethod(Invoker.java:639)
	at org.testng.internal.Invoker.invokeTestMethod(Invoker.java:821)
	at org.testng.internal.Invoker.invokeTestMethods(Invoker.java:1131)
	at org.testng.internal.TestMethodWorker.invokeTestMethods(TestMethodWorker.java:125)
	at org.testng.internal.TestMethodWorker.run(TestMethodWorker.java:108)
	at org.testng.TestRunner.privateRun(TestRunner.java:773)
	at org.testng.TestRunner.run(TestRunner.java:623)
	at org.testng.SuiteRunner.runTest(SuiteRunner.java:357)
	at org.testng.SuiteRunner.runSequentially(SuiteRunner.java:352)
	at org.testng.SuiteRunner.privateRun(SuiteRunner.java:310)
	at org.testng.SuiteRunner.run(SuiteRunner.java:259)
	at org.testng.SuiteRunnerWorker.runSuite(SuiteRunnerWorker.java:52)
	at org.testng.SuiteRunnerWorker.run(SuiteRunnerWorker.java:86)
	at org.testng.TestNG.runSuitesSequentially(TestNG.java:1185)
	at org.testng.TestNG.runSuitesLocally(TestNG.java:1110)
	at org.testng.TestNG.run(TestNG.java:1018)
	at org.testng.remote.AbstractRemoteTestNG.run(AbstractRemoteTestNG.java:132)
	at org.testng.remote.RemoteTestNG.initAndRun(RemoteTestNG.java:230)
	at org.testng.remote.RemoteTestNG.main(RemoteTestNG.java:76)
]]>
            </full-stacktrace>
          </exception> <!-- java.lang.AssertionError -->
          <reporter-output>
            <line>
              <![CDATA[<a href=Thu_Sep_14_12_15_01_IST_2017.jpg target="_blank">Screenshot Captured</a>]]>
            </line>
            <line>
              <![CDATA[<br>]]>
            </line>
            <line>
              <![CDATA[<a href=Thu_Sep_14_12_15_01_IST_2017.jpg target="_blank"><img src=Thu_Sep_14_12_15_01_IST_2017.jpg height=200 width=200></a>]]>
            </line>
          </reporter-output>
        </test-method> <!-- addCustomer -->
      </class> <!-- BankingApp.AddCustomerDetails -->
      <class name="BankingApp.BankManagerLoginTest">
        <test-method status="PASS" signature="setUp()[pri:0, instance:BankingApp.BankManagerLoginTest@37858383]" name="setUp" is-config="true" duration-ms="25307" started-at="2017-09-14T12:14:27Z" finished-at="2017-09-14T12:14:52Z">
          <reporter-output>
          </reporter-output>
        </test-method> <!-- setUp -->
        <test-method status="FAIL" signature="loginAsBankManager()[pri:0, instance:BankingApp.BankManagerLoginTest@37858383]" name="loginAsBankManager" duration-ms="319" started-at="2017-09-14T12:14:52Z" finished-at="2017-09-14T12:14:52Z">
          <exception class="java.lang.AssertionError">
            <message>
              <![CDATA[Bank Manager login not successful]]>
            </message>
            <full-stacktrace>
              <![CDATA[java.lang.AssertionError: Bank Manager login not successful
	at org.testng.Assert.fail(Assert.java:94)
	at BankingApp.BankManagerLoginTest.loginAsBankManager(BankManagerLoginTest.java:18)
	at sun.reflect.NativeMethodAccessorImpl.invoke0(Native Method)
	at sun.reflect.NativeMethodAccessorImpl.invoke(Unknown Source)
	at sun.reflect.DelegatingMethodAccessorImpl.invoke(Unknown Source)
	at java.lang.reflect.Method.invoke(Unknown Source)
	at org.testng.internal.MethodInvocationHelper.invokeMethod(MethodInvocationHelper.java:85)
	at org.testng.internal.Invoker.invokeMethod(Invoker.java:639)
	at org.testng.internal.Invoker.invokeTestMethod(Invoker.java:821)
	at org.testng.internal.Invoker.invokeTestMethods(Invoker.java:1131)
	at org.testng.internal.TestMethodWorker.invokeTestMethods(TestMethodWorker.java:125)
	at org.testng.internal.TestMethodWorker.run(TestMethodWorker.java:108)
	at org.testng.TestRunner.privateRun(TestRunner.java:773)
	at org.testng.TestRunner.run(TestRunner.java:623)
	at org.testng.SuiteRunner.runTest(SuiteRunner.java:357)
	at org.testng.SuiteRunner.runSequentially(SuiteRunner.java:352)
	at org.testng.SuiteRunner.privateRun(SuiteRunner.java:310)
	at org.testng.SuiteRunner.run(SuiteRunner.java:259)
	at org.testng.SuiteRunnerWorker.runSuite(SuiteRunnerWorker.java:52)
	at org.testng.SuiteRunnerWorker.run(SuiteRunnerWorker.java:86)
	at org.testng.TestNG.runSuitesSequentially(TestNG.java:1185)
	at org.testng.TestNG.runSuitesLocally(TestNG.java:1110)
	at org.testng.TestNG.run(TestNG.java:1018)
	at org.testng.remote.AbstractRemoteTestNG.run(AbstractRemoteTestNG.java:132)
	at org.testng.remote.RemoteTestNG.initAndRun(RemoteTestNG.java:230)
	at org.testng.remote.RemoteTestNG.main(RemoteTestNG.java:76)
]]>
            </full-stacktrace>
          </exception> <!-- java.lang.AssertionError -->
          <reporter-output>
            <line>
              <![CDATA[<a href=Thu_Sep_14_12_14_52_IST_2017.jpg target="_blank">Screenshot Captured</a>]]>
            </line>
            <line>
              <![CDATA[<br>]]>
            </line>
            <line>
              <![CDATA[<a href=Thu_Sep_14_12_14_52_IST_2017.jpg target="_blank"><img src=Thu_Sep_14_12_14_52_IST_2017.jpg height=200 width=200></a>]]>
            </line>
          </reporter-output>
        </test-method> <!-- loginAsBankManager -->
        <test-method status="PASS" signature="tearDown()[pri:0, instance:BankingApp.BankManagerLoginTest@37858383]" name="tearDown" is-config="true" duration-ms="1007" started-at="2017-09-14T12:15:16Z" finished-at="2017-09-14T12:15:17Z">
          <reporter-output>
          </reporter-output>
        </test-method> <!-- tearDown -->
      </class> <!-- BankingApp.BankManagerLoginTest -->
      <class name="BankingApp.OpenBankAccount">
        <test-method status="PASS" signature="openAccount(java.lang.String, java.lang.String, java.lang.String)[pri:0, instance:BankingApp.OpenBankAccount@865dd6]" name="openAccount" duration-ms="13791" started-at="2017-09-14T12:15:02Z" data-provider="openAccount" finished-at="2017-09-14T12:15:16Z">
          <params>
            <param index="0">
              <value>
                <![CDATA[Harry Potter]]>
              </value>
            </param>
            <param index="1">
              <value>
                <![CDATA[Rupee]]>
              </value>
            </param>
            <param index="2">
              <value>
                <![CDATA[Account created successfully with account Number]]>
              </value>
            </param>
          </params>
          <reporter-output>
          </reporter-output>
        </test-method> <!-- openAccount -->
      </class> <!-- BankingApp.OpenBankAccount -->
    </test> <!-- BankingApp -->
  </suite> <!-- Suite -->
</testng-results>
